Arguments: 
  /usr/local/bin/node /usr/share/yarn/bin/yarn.js add -D webpack-cli

PATH: 
  /home/employee/bin:/home/employee/.local/bin:/usr/local/sbin:/usr/local/bin:/usr/sbin:/usr/bin:/sbin:/bin:/usr/games:/usr/local/games:/snap/bin

Yarn version: 
  1.12.3

Node version: 
  10.10.0

Platform: 
  linux x64

Trace: 
  Error: EACCES: permission denied, mkdir '/home/employee/workspace/shantanuPSpace/git/react-redux-routing-/node_modules/babel-code-frame/node_modules'

npm manifest: 
  {
    "name": "redux-simple-starter",
    "version": "1.0.0",
    "description": "Simple starter package for Redux with React and Babel support",
    "main": "index.js",
    "repository": "git@github.com:StephenGrider/ReduxSimpleStarter.git",
    "scripts": {
      "start": "node ./node_modules/webpack-dev-server/bin/webpack-dev-server.js",
      "test": "mocha --compilers js:babel-core/register --require ./test/test_helper.js --recursive ./test",
      "test:watch": "npm run test -- --watch",
      "build": "webpack -p --define process.env.NODE_ENV='\"production\"' --progress --colors"
    },
    "author": "",
    "license": "ISC",
    "devDependencies": {
      "babel-core": "^6.2.1",
      "babel-loader": "^6.2.0",
      "babel-preset-es2015": "^6.1.18",
      "babel-preset-react": "^6.1.18",
      "webpack": "^1.12.9",
      "webpack-dev-server": "^3.1.10"
    },
    "dependencies": {
      "axios": "^0.18.0",
      "babel-preset-stage-1": "^6.1.18",
      "lodash": "^4.17.11",
      "react": "16.3.2",
      "react-dom": "16.3.2",
      "react-redux": "5.0.7",
      "react-router-dom": "^4.3.1",
      "redux": "4.0.0",
      "redux-form": "^6.6.3",
      "redux-promise": "^0.6.0"
    }
  }

yarn manifest: 
  No manifest

Lockfile: 
  No lockfile
